2020-10-07 12:35:12 - MEGAHIT v1.2.9
2020-10-07 12:35:12 - Using megahit_core with POPCNT support
2020-10-07 12:35:12 - Convert reads to binary library
2020-10-07 12:36:28 - b'INFO  sequence/io/sequence_lib.cpp  :   77 - Lib 0 (/data1/Data_Processing/mlee/metagenomics-glds-sandbox/GLDS-286/fresh/Filtered_Sequence_Data/GLDS-286_metagenomics_5501_S5_L003_R1_001_HRremoved-trimmed.fastq.gz,/data1/Data_Processing/mlee/metagenomics-glds-sandbox/GLDS-286/fresh/Filtered_Sequence_Data/GLDS-286_metagenomics_5501_S5_L003_R1_001_HRremoved-trimmed.fastq.gz): pe, 65270286 reads, 100 max length'
2020-10-07 12:36:28 - b'INFO  utils/utils.h                 :  152 - Real: 75.8039\tuser: 75.1880\tsys: 9.0320\tmaxrss: 274484'
2020-10-07 12:36:28 - k-max reset to: 119 
2020-10-07 12:36:28 - Start assembly. Number of CPU threads 7 
2020-10-07 12:36:28 - k list: 21,29,39,59,79,99,119 
2020-10-07 12:36:28 - Memory used: 67583645696
2020-10-07 12:36:28 - Extract solid (k+1)-mers for k = 21 
2020-10-07 12:43:10 - Build graph for k = 21 
2020-10-07 12:43:54 - Assemble contigs from SdBG for k = 21
2020-10-07 12:49:50 - Local assembly for k = 21
2020-10-07 12:51:32 - Extract iterative edges from k = 21 to 29 
2020-10-07 12:53:58 - Build graph for k = 29 
2020-10-07 12:54:36 - Assemble contigs from SdBG for k = 29
2020-10-07 12:57:06 - Local assembly for k = 29
2020-10-07 12:59:05 - Extract iterative edges from k = 29 to 39 
2020-10-07 13:00:24 - Build graph for k = 39 
2020-10-07 13:00:47 - Assemble contigs from SdBG for k = 39
2020-10-07 13:02:36 - Local assembly for k = 39
2020-10-07 13:04:16 - Extract iterative edges from k = 39 to 59 
2020-10-07 13:05:15 - Build graph for k = 59 
2020-10-07 13:05:32 - Assemble contigs from SdBG for k = 59
2020-10-07 13:06:51 - Local assembly for k = 59
2020-10-07 13:09:11 - Extract iterative edges from k = 59 to 79 
2020-10-07 13:09:51 - Build graph for k = 79 
2020-10-07 13:09:59 - Assemble contigs from SdBG for k = 79
2020-10-07 13:10:55 - Local assembly for k = 79
2020-10-07 13:12:50 - Extract iterative edges from k = 79 to 99 
2020-10-07 13:13:20 - Build graph for k = 99 
2020-10-07 13:13:26 - Assemble contigs from SdBG for k = 99
2020-10-07 13:14:12 - Local assembly for k = 99
2020-10-07 13:16:12 - Extract iterative edges from k = 99 to 119 
2020-10-07 13:16:18 - Build graph for k = 119 
2020-10-07 13:16:23 - Assemble contigs from SdBG for k = 119
2020-10-07 13:16:58 - Merging to output final contigs 
2020-10-07 13:16:58 - 24625 contigs, total 32057779 bp, min 500 bp, max 46880 bp, avg 1301 bp, N50 1528 bp
2020-10-07 13:16:59 - ALL DONE. Time elapsed: 2506.781532 seconds 
