

  Loading libraries...

Loading required package: Biostrings
Loading required package: BiocGenerics
Loading required package: parallel

Attaching package: ‘BiocGenerics’

The following objects are masked from ‘package:parallel’:

    clusterApply, clusterApplyLB, clusterCall, clusterEvalQ,
    clusterExport, clusterMap, parApply, parCapply, parLapply,
    parLapplyLB, parRapply, parSapply, parSapplyLB

The following objects are masked from ‘package:stats’:

    IQR, mad, sd, var, xtabs

The following objects are masked from ‘package:base’:

    anyDuplicated, append, as.data.frame, basename, cbind, colnames,
    dirname, do.call, duplicated, eval, evalq, Filter, Find, get, grep,
    grepl, intersect, is.unsorted, lapply, Map, mapply, match, mget,
    order, paste, pmax, pmax.int, pmin, pmin.int, Position, rank,
    rbind, Reduce, rownames, sapply, setdiff, sort, table, tapply,
    union, unique, unsplit, which, which.max, which.min

Loading required package: S4Vectors
Loading required package: stats4

Attaching package: ‘S4Vectors’

The following object is masked from ‘package:base’:

    expand.grid

Loading required package: IRanges
Loading required package: XVector

Attaching package: ‘Biostrings’

The following object is masked from ‘package:base’:

    strsplit

Loading required package: RSQLite


  Downloading reference database...

trying URL 'http://www2.decipher.codes/Classification/TrainingSets/SILVA_SSU_r138_2019.RData'
Content type 'unknown' length 151849504 bytes (144.8 MB)
==================================================
downloaded 144.8 MB

[1] TRUE


  Assigning taxonomy...

================================================================================

Time difference of 1647.11 secs



  Making and writing out tables...



  Session info:

R version 3.6.3 (2020-02-29)
Platform: x86_64-conda-linux-gnu (64-bit)
Running under: Ubuntu 16.04.7 LTS

Matrix products: default
BLAS/LAPACK: /data1/mlee/miniconda3/envs/GL-non-illumina-amplicon/lib/libopenblasp-r0.3.12.so

locale:
 [1] LC_CTYPE=en_US.UTF-8       LC_NUMERIC=C              
 [3] LC_TIME=en_US.UTF-8        LC_COLLATE=en_US.UTF-8    
 [5] LC_MONETARY=en_US.UTF-8    LC_MESSAGES=en_US.UTF-8   
 [7] LC_PAPER=en_US.UTF-8       LC_NAME=C                 
 [9] LC_ADDRESS=C               LC_TELEPHONE=C            
[11] LC_MEASUREMENT=en_US.UTF-8 LC_IDENTIFICATION=C       

attached base packages:
[1] stats4    parallel  stats     graphics  grDevices utils     datasets 
[8] methods   base     

other attached packages:
[1] biomformat_1.12.0   DECIPHER_2.12.0     RSQLite_2.2.1      
[4] Biostrings_2.52.0   XVector_0.24.0      IRanges_2.18.2     
[7] S4Vectors_0.22.0    BiocGenerics_0.30.0

loaded via a namespace (and not attached):
 [1] Rcpp_1.0.5      lattice_0.20-41 digest_0.6.27   plyr_1.8.6     
 [5] grid_3.6.3      jsonlite_1.7.1  DBI_1.1.0       rlang_0.4.7    
 [9] zlibbioc_1.30.0 blob_1.2.1      Matrix_1.2-18   vctrs_0.3.4    
[13] Rhdf5lib_1.6.0  bit64_4.0.5     bit_4.0.4       compiler_3.6.3 
[17] rhdf5_2.28.0    memoise_1.1.0  
