This is cutadapt 2.10 with Python 3.8.6
Command line parameters: -g AGAGTTTGATCCTGGCTCAG -a GCTGCCTCCCGTAGGAGT -o ../Trimmed_Sequence_Data/SRR2016338_trimmed.fastq.gz ../Raw_Data/SRR2016338_raw.fastq.gz
Processing reads on 1 core in single-end mode ...
Finished in 0.89 s (165 us/read; 0.36 M reads/minute).

=== Summary ===

Total reads processed:                   5,405
Reads with adapters:                         2 (0.0%)
Reads written (passing filters):         5,405 (100.0%)

Total basepairs processed:     1,754,118 bp
Total written (filtered):      1,754,112 bp (100.0%)

=== Adapter 1 ===

Sequence: AGAGTTTGATCCTGGCTCAG; Type: regular 5'; Length: 20; Trimmed: 0 times

=== Adapter 2 ===

Sequence: GCTGCCTCCCGTAGGAGT; Type: regular 3'; Length: 18; Trimmed: 2 times

No. of allowed errors:
0-9 bp: 0; 10-18 bp: 1

Bases preceding removed adapters:
  A: 0.0%
  C: 50.0%
  G: 50.0%
  T: 0.0%
  none/other: 0.0%

Overview of removed sequences
length	count	expect	max.err	error counts
3	2	84.5	0	2
This is cutadapt 2.10 with Python 3.8.6
Command line parameters: -g AGAGTTTGATCCTGGCTCAG -a GCTGCCTCCCGTAGGAGT -o ../Trimmed_Sequence_Data/SRR2016339_trimmed.fastq.gz ../Raw_Data/SRR2016339_raw.fastq.gz
Processing reads on 1 core in single-end mode ...
Finished in 0.61 s (128 us/read; 0.47 M reads/minute).

=== Summary ===

Total reads processed:                   4,735
Reads with adapters:                         0 (0.0%)
Reads written (passing filters):         4,735 (100.0%)

Total basepairs processed:     1,575,389 bp
Total written (filtered):      1,575,389 bp (100.0%)

=== Adapter 1 ===

Sequence: AGAGTTTGATCCTGGCTCAG; Type: regular 5'; Length: 20; Trimmed: 0 times

=== Adapter 2 ===

Sequence: GCTGCCTCCCGTAGGAGT; Type: regular 3'; Length: 18; Trimmed: 0 times
This is cutadapt 2.10 with Python 3.8.6
Command line parameters: -g AGAGTTTGATCCTGGCTCAG -a GCTGCCTCCCGTAGGAGT -o ../Trimmed_Sequence_Data/SRR2016340_trimmed.fastq.gz ../Raw_Data/SRR2016340_raw.fastq.gz
Processing reads on 1 core in single-end mode ...
Finished in 0.60 s (143 us/read; 0.42 M reads/minute).

=== Summary ===

Total reads processed:                   4,214
Reads with adapters:                         1 (0.0%)
Reads written (passing filters):         4,214 (100.0%)

Total basepairs processed:     1,402,673 bp
Total written (filtered):      1,402,669 bp (100.0%)

=== Adapter 1 ===

Sequence: AGAGTTTGATCCTGGCTCAG; Type: regular 5'; Length: 20; Trimmed: 0 times

=== Adapter 2 ===

Sequence: GCTGCCTCCCGTAGGAGT; Type: regular 3'; Length: 18; Trimmed: 1 times

No. of allowed errors:
0-9 bp: 0; 10-18 bp: 1

Bases preceding removed adapters:
  A: 100.0%
  C: 0.0%
  G: 0.0%
  T: 0.0%
  none/other: 0.0%

Overview of removed sequences
length	count	expect	max.err	error counts
4	1	16.5	0	1
This is cutadapt 2.10 with Python 3.8.6
Command line parameters: -g AGAGTTTGATCCTGGCTCAG -a GCTGCCTCCCGTAGGAGT -o ../Trimmed_Sequence_Data/SRR2016341_trimmed.fastq.gz ../Raw_Data/SRR2016341_raw.fastq.gz
Processing reads on 1 core in single-end mode ...
Finished in 0.63 s (111 us/read; 0.54 M reads/minute).

=== Summary ===

Total reads processed:                   5,670
Reads with adapters:                         1 (0.0%)
Reads written (passing filters):         5,670 (100.0%)

Total basepairs processed:     1,868,636 bp
Total written (filtered):      1,868,633 bp (100.0%)

=== Adapter 1 ===

Sequence: AGAGTTTGATCCTGGCTCAG; Type: regular 5'; Length: 20; Trimmed: 0 times

=== Adapter 2 ===

Sequence: GCTGCCTCCCGTAGGAGT; Type: regular 3'; Length: 18; Trimmed: 1 times

No. of allowed errors:
0-9 bp: 0; 10-18 bp: 1

Bases preceding removed adapters:
  A: 100.0%
  C: 0.0%
  G: 0.0%
  T: 0.0%
  none/other: 0.0%

Overview of removed sequences
length	count	expect	max.err	error counts
3	1	88.6	0	1
This is cutadapt 2.10 with Python 3.8.6
Command line parameters: -g AGAGTTTGATCCTGGCTCAG -a GCTGCCTCCCGTAGGAGT -o ../Trimmed_Sequence_Data/SRR2016342_trimmed.fastq.gz ../Raw_Data/SRR2016342_raw.fastq.gz
Processing reads on 1 core in single-end mode ...
Finished in 1.12 s (144 us/read; 0.42 M reads/minute).

=== Summary ===

Total reads processed:                   7,750
Reads with adapters:                         1 (0.0%)
Reads written (passing filters):         7,750 (100.0%)

Total basepairs processed:     2,584,470 bp
Total written (filtered):      2,584,466 bp (100.0%)

=== Adapter 1 ===

Sequence: AGAGTTTGATCCTGGCTCAG; Type: regular 5'; Length: 20; Trimmed: 0 times

=== Adapter 2 ===

Sequence: GCTGCCTCCCGTAGGAGT; Type: regular 3'; Length: 18; Trimmed: 1 times

No. of allowed errors:
0-9 bp: 0; 10-18 bp: 1

Bases preceding removed adapters:
  A: 0.0%
  C: 100.0%
  G: 0.0%
  T: 0.0%
  none/other: 0.0%

Overview of removed sequences
length	count	expect	max.err	error counts
4	1	30.3	0	1
This is cutadapt 2.10 with Python 3.8.6
Command line parameters: -g AGAGTTTGATCCTGGCTCAG -a GCTGCCTCCCGTAGGAGT -o ../Trimmed_Sequence_Data/SRR2016343_trimmed.fastq.gz ../Raw_Data/SRR2016343_raw.fastq.gz
Processing reads on 1 core in single-end mode ...
Finished in 0.73 s (152 us/read; 0.40 M reads/minute).

=== Summary ===

Total reads processed:                   4,829
Reads with adapters:                         0 (0.0%)
Reads written (passing filters):         4,829 (100.0%)

Total basepairs processed:     1,602,711 bp
Total written (filtered):      1,602,711 bp (100.0%)

=== Adapter 1 ===

Sequence: AGAGTTTGATCCTGGCTCAG; Type: regular 5'; Length: 20; Trimmed: 0 times

=== Adapter 2 ===

Sequence: GCTGCCTCCCGTAGGAGT; Type: regular 3'; Length: 18; Trimmed: 0 times
This is cutadapt 2.10 with Python 3.8.6
Command line parameters: -g AGAGTTTGATCCTGGCTCAG -a GCTGCCTCCCGTAGGAGT -o ../Trimmed_Sequence_Data/SRR2016344_trimmed.fastq.gz ../Raw_Data/SRR2016344_raw.fastq.gz
Processing reads on 1 core in single-end mode ...
Finished in 1.30 s (179 us/read; 0.33 M reads/minute).

=== Summary ===

Total reads processed:                   7,246
Reads with adapters:                         0 (0.0%)
Reads written (passing filters):         7,246 (100.0%)

Total basepairs processed:     2,410,366 bp
Total written (filtered):      2,410,366 bp (100.0%)

=== Adapter 1 ===

Sequence: AGAGTTTGATCCTGGCTCAG; Type: regular 5'; Length: 20; Trimmed: 0 times

=== Adapter 2 ===

Sequence: GCTGCCTCCCGTAGGAGT; Type: regular 3'; Length: 18; Trimmed: 0 times
This is cutadapt 2.10 with Python 3.8.6
Command line parameters: -g AGAGTTTGATCCTGGCTCAG -a GCTGCCTCCCGTAGGAGT -o ../Trimmed_Sequence_Data/SRR2016345_trimmed.fastq.gz ../Raw_Data/SRR2016345_raw.fastq.gz
Processing reads on 1 core in single-end mode ...
Finished in 0.58 s (138 us/read; 0.44 M reads/minute).

=== Summary ===

Total reads processed:                   4,202
Reads with adapters:                         1 (0.0%)
Reads written (passing filters):         4,202 (100.0%)

Total basepairs processed:     1,395,074 bp
Total written (filtered):      1,395,071 bp (100.0%)

=== Adapter 1 ===

Sequence: AGAGTTTGATCCTGGCTCAG; Type: regular 5'; Length: 20; Trimmed: 0 times

=== Adapter 2 ===

Sequence: GCTGCCTCCCGTAGGAGT; Type: regular 3'; Length: 18; Trimmed: 1 times

No. of allowed errors:
0-9 bp: 0; 10-18 bp: 1

Bases preceding removed adapters:
  A: 0.0%
  C: 100.0%
  G: 0.0%
  T: 0.0%
  none/other: 0.0%

Overview of removed sequences
length	count	expect	max.err	error counts
3	1	65.7	0	1
This is cutadapt 2.10 with Python 3.8.6
Command line parameters: -g AGAGTTTGATCCTGGCTCAG -a GCTGCCTCCCGTAGGAGT -o ../Trimmed_Sequence_Data/SRR2016346_trimmed.fastq.gz ../Raw_Data/SRR2016346_raw.fastq.gz
Processing reads on 1 core in single-end mode ...
Finished in 1.27 s (147 us/read; 0.41 M reads/minute).

=== Summary ===

Total reads processed:                   8,652
Reads with adapters:                         2 (0.0%)
Reads written (passing filters):         8,652 (100.0%)

Total basepairs processed:     2,901,367 bp
Total written (filtered):      2,901,359 bp (100.0%)

=== Adapter 1 ===

Sequence: AGAGTTTGATCCTGGCTCAG; Type: regular 5'; Length: 20; Trimmed: 0 times

=== Adapter 2 ===

Sequence: GCTGCCTCCCGTAGGAGT; Type: regular 3'; Length: 18; Trimmed: 2 times

No. of allowed errors:
0-9 bp: 0; 10-18 bp: 1

Bases preceding removed adapters:
  A: 50.0%
  C: 50.0%
  G: 0.0%
  T: 0.0%
  none/other: 0.0%

Overview of removed sequences
length	count	expect	max.err	error counts
3	1	135.2	0	1
5	1	8.4	0	1
This is cutadapt 2.10 with Python 3.8.6
Command line parameters: -g AGAGTTTGATCCTGGCTCAG -a GCTGCCTCCCGTAGGAGT -o ../Trimmed_Sequence_Data/SRR2016347_trimmed.fastq.gz ../Raw_Data/SRR2016347_raw.fastq.gz
Processing reads on 1 core in single-end mode ...
Finished in 0.49 s (116 us/read; 0.52 M reads/minute).

=== Summary ===

Total reads processed:                   4,241
Reads with adapters:                         1 (0.0%)
Reads written (passing filters):         4,241 (100.0%)

Total basepairs processed:     1,426,109 bp
Total written (filtered):      1,426,105 bp (100.0%)

=== Adapter 1 ===

Sequence: AGAGTTTGATCCTGGCTCAG; Type: regular 5'; Length: 20; Trimmed: 0 times

=== Adapter 2 ===

Sequence: GCTGCCTCCCGTAGGAGT; Type: regular 3'; Length: 18; Trimmed: 1 times

No. of allowed errors:
0-9 bp: 0; 10-18 bp: 1

Bases preceding removed adapters:
  A: 100.0%
  C: 0.0%
  G: 0.0%
  T: 0.0%
  none/other: 0.0%

Overview of removed sequences
length	count	expect	max.err	error counts
4	1	16.6	0	1
This is cutadapt 2.10 with Python 3.8.6
Command line parameters: -g AGAGTTTGATCCTGGCTCAG -a GCTGCCTCCCGTAGGAGT -o ../Trimmed_Sequence_Data/SRR2016348_trimmed.fastq.gz ../Raw_Data/SRR2016348_raw.fastq.gz
Processing reads on 1 core in single-end mode ...
Finished in 0.57 s (97 us/read; 0.62 M reads/minute).

=== Summary ===

Total reads processed:                   5,900
Reads with adapters:                        26 (0.4%)
Reads written (passing filters):         5,900 (100.0%)

Total basepairs processed:     1,957,746 bp
Total written (filtered):      1,957,668 bp (100.0%)

=== Adapter 1 ===

Sequence: AGAGTTTGATCCTGGCTCAG; Type: regular 5'; Length: 20; Trimmed: 0 times

=== Adapter 2 ===

Sequence: GCTGCCTCCCGTAGGAGT; Type: regular 3'; Length: 18; Trimmed: 26 times

No. of allowed errors:
0-9 bp: 0; 10-18 bp: 1

Bases preceding removed adapters:
  A: 0.0%
  C: 84.6%
  G: 11.5%
  T: 3.8%
  none/other: 0.0%
WARNING:
    The adapter is preceded by "C" extremely often.
    The provided adapter sequence could be incomplete at its 3' end.

Overview of removed sequences
length	count	expect	max.err	error counts
3	26	92.2	0	26


WARNING:
    One or more of your adapter sequences may be incomplete.
    Please see the detailed output above.
This is cutadapt 2.10 with Python 3.8.6
Command line parameters: -g AGAGTTTGATCCTGGCTCAG -a GCTGCCTCCCGTAGGAGT -o ../Trimmed_Sequence_Data/SRR2016349_trimmed.fastq.gz ../Raw_Data/SRR2016349_raw.fastq.gz
Processing reads on 1 core in single-end mode ...
Finished in 0.59 s (108 us/read; 0.55 M reads/minute).

=== Summary ===

Total reads processed:                   5,471
Reads with adapters:                         0 (0.0%)
Reads written (passing filters):         5,471 (100.0%)

Total basepairs processed:     1,821,200 bp
Total written (filtered):      1,821,200 bp (100.0%)

=== Adapter 1 ===

Sequence: AGAGTTTGATCCTGGCTCAG; Type: regular 5'; Length: 20; Trimmed: 0 times

=== Adapter 2 ===

Sequence: GCTGCCTCCCGTAGGAGT; Type: regular 3'; Length: 18; Trimmed: 0 times
This is cutadapt 2.10 with Python 3.8.6
Command line parameters: -g AGAGTTTGATCCTGGCTCAG -a GCTGCCTCCCGTAGGAGT -o ../Trimmed_Sequence_Data/SRR2016350_trimmed.fastq.gz ../Raw_Data/SRR2016350_raw.fastq.gz
Processing reads on 1 core in single-end mode ...
Finished in 0.90 s (94 us/read; 0.64 M reads/minute).

=== Summary ===

Total reads processed:                   9,623
Reads with adapters:                         1 (0.0%)
Reads written (passing filters):         9,623 (100.0%)

Total basepairs processed:     3,223,616 bp
Total written (filtered):      3,223,613 bp (100.0%)

=== Adapter 1 ===

Sequence: AGAGTTTGATCCTGGCTCAG; Type: regular 5'; Length: 20; Trimmed: 0 times

=== Adapter 2 ===

Sequence: GCTGCCTCCCGTAGGAGT; Type: regular 3'; Length: 18; Trimmed: 1 times

No. of allowed errors:
0-9 bp: 0; 10-18 bp: 1

Bases preceding removed adapters:
  A: 0.0%
  C: 100.0%
  G: 0.0%
  T: 0.0%
  none/other: 0.0%

Overview of removed sequences
length	count	expect	max.err	error counts
3	1	150.4	0	1
This is cutadapt 2.10 with Python 3.8.6
Command line parameters: -g AGAGTTTGATCCTGGCTCAG -a GCTGCCTCCCGTAGGAGT -o ../Trimmed_Sequence_Data/SRR2016351_trimmed.fastq.gz ../Raw_Data/SRR2016351_raw.fastq.gz
Processing reads on 1 core in single-end mode ...
Finished in 0.98 s (126 us/read; 0.48 M reads/minute).

=== Summary ===

Total reads processed:                   7,796
Reads with adapters:                        23 (0.3%)
Reads written (passing filters):         7,796 (100.0%)

Total basepairs processed:     2,600,374 bp
Total written (filtered):      2,600,305 bp (100.0%)

=== Adapter 1 ===

Sequence: AGAGTTTGATCCTGGCTCAG; Type: regular 5'; Length: 20; Trimmed: 0 times

=== Adapter 2 ===

Sequence: GCTGCCTCCCGTAGGAGT; Type: regular 3'; Length: 18; Trimmed: 23 times

No. of allowed errors:
0-9 bp: 0; 10-18 bp: 1

Bases preceding removed adapters:
  A: 73.9%
  C: 4.3%
  G: 4.3%
  T: 17.4%
  none/other: 0.0%

Overview of removed sequences
length	count	expect	max.err	error counts
3	23	121.8	0	23
This is cutadapt 2.10 with Python 3.8.6
Command line parameters: -g AGAGTTTGATCCTGGCTCAG -a GCTGCCTCCCGTAGGAGT -o ../Trimmed_Sequence_Data/SRR2016352_trimmed.fastq.gz ../Raw_Data/SRR2016352_raw.fastq.gz
Processing reads on 1 core in single-end mode ...
Finished in 1.01 s (105 us/read; 0.57 M reads/minute).

=== Summary ===

Total reads processed:                   9,587
Reads with adapters:                     8,786 (91.6%)
Reads written (passing filters):         9,587 (100.0%)

Total basepairs processed:     3,196,978 bp
Total written (filtered):      3,170,620 bp (99.2%)

=== Adapter 1 ===

Sequence: AGAGTTTGATCCTGGCTCAG; Type: regular 5'; Length: 20; Trimmed: 0 times

=== Adapter 2 ===

Sequence: GCTGCCTCCCGTAGGAGT; Type: regular 3'; Length: 18; Trimmed: 8786 times

No. of allowed errors:
0-9 bp: 0; 10-18 bp: 1

Bases preceding removed adapters:
  A: 0.2%
  C: 99.3%
  G: 0.4%
  T: 0.0%
  none/other: 0.0%
WARNING:
    The adapter is preceded by "C" extremely often.
    The provided adapter sequence could be incomplete at its 3' end.

Overview of removed sequences
length	count	expect	max.err	error counts
3	8786	149.8	0	8786


WARNING:
    One or more of your adapter sequences may be incomplete.
    Please see the detailed output above.
This is cutadapt 2.10 with Python 3.8.6
Command line parameters: -g AGAGTTTGATCCTGGCTCAG -a GCTGCCTCCCGTAGGAGT -o ../Trimmed_Sequence_Data/SRR2016353_trimmed.fastq.gz ../Raw_Data/SRR2016353_raw.fastq.gz
Processing reads on 1 core in single-end mode ...
Finished in 0.66 s (108 us/read; 0.56 M reads/minute).

=== Summary ===

Total reads processed:                   6,087
Reads with adapters:                         6 (0.1%)
Reads written (passing filters):         6,087 (100.0%)

Total basepairs processed:     2,036,116 bp
Total written (filtered):      2,036,097 bp (100.0%)

=== Adapter 1 ===

Sequence: AGAGTTTGATCCTGGCTCAG; Type: regular 5'; Length: 20; Trimmed: 0 times

=== Adapter 2 ===

Sequence: GCTGCCTCCCGTAGGAGT; Type: regular 3'; Length: 18; Trimmed: 6 times

No. of allowed errors:
0-9 bp: 0; 10-18 bp: 1

Bases preceding removed adapters:
  A: 66.7%
  C: 33.3%
  G: 0.0%
  T: 0.0%
  none/other: 0.0%

Overview of removed sequences
length	count	expect	max.err	error counts
3	5	95.1	0	5
4	1	23.8	0	1
This is cutadapt 2.10 with Python 3.8.6
Command line parameters: -g AGAGTTTGATCCTGGCTCAG -a GCTGCCTCCCGTAGGAGT -o ../Trimmed_Sequence_Data/SRR2016354_trimmed.fastq.gz ../Raw_Data/SRR2016354_raw.fastq.gz
Processing reads on 1 core in single-end mode ...
Finished in 0.78 s (153 us/read; 0.39 M reads/minute).

=== Summary ===

Total reads processed:                   5,085
Reads with adapters:                         0 (0.0%)
Reads written (passing filters):         5,085 (100.0%)

Total basepairs processed:     1,733,356 bp
Total written (filtered):      1,733,356 bp (100.0%)

=== Adapter 1 ===

Sequence: AGAGTTTGATCCTGGCTCAG; Type: regular 5'; Length: 20; Trimmed: 0 times

=== Adapter 2 ===

Sequence: GCTGCCTCCCGTAGGAGT; Type: regular 3'; Length: 18; Trimmed: 0 times
This is cutadapt 2.10 with Python 3.8.6
Command line parameters: -g AGAGTTTGATCCTGGCTCAG -a GCTGCCTCCCGTAGGAGT -o ../Trimmed_Sequence_Data/SRR2016355_trimmed.fastq.gz ../Raw_Data/SRR2016355_raw.fastq.gz
Processing reads on 1 core in single-end mode ...
Finished in 1.11 s (154 us/read; 0.39 M reads/minute).

=== Summary ===

Total reads processed:                   7,204
Reads with adapters:                        23 (0.3%)
Reads written (passing filters):         7,204 (100.0%)

Total basepairs processed:     2,411,802 bp
Total written (filtered):      2,411,704 bp (100.0%)

=== Adapter 1 ===

Sequence: AGAGTTTGATCCTGGCTCAG; Type: regular 5'; Length: 20; Trimmed: 1 times

No. of allowed errors:
0-9 bp: 0; 10-19 bp: 1; 20 bp: 2

Overview of removed sequences
length	count	expect	max.err	error counts
11	1	0.0	1	1


=== Adapter 2 ===

Sequence: GCTGCCTCCCGTAGGAGT; Type: regular 3'; Length: 18; Trimmed: 22 times

No. of allowed errors:
0-9 bp: 0; 10-18 bp: 1

Bases preceding removed adapters:
  A: 90.9%
  C: 0.0%
  G: 4.5%
  T: 4.5%
  none/other: 0.0%
WARNING:
    The adapter is preceded by "A" extremely often.
    The provided adapter sequence could be incomplete at its 3' end.

Overview of removed sequences
length	count	expect	max.err	error counts
3	1	112.6	0	1
4	21	28.1	0	21


WARNING:
    One or more of your adapter sequences may be incomplete.
    Please see the detailed output above.
This is cutadapt 2.10 with Python 3.8.6
Command line parameters: -g AGAGTTTGATCCTGGCTCAG -a GCTGCCTCCCGTAGGAGT -o ../Trimmed_Sequence_Data/SRR2016356_trimmed.fastq.gz ../Raw_Data/SRR2016356_raw.fastq.gz
Processing reads on 1 core in single-end mode ...
Finished in 0.64 s (106 us/read; 0.57 M reads/minute).

=== Summary ===

Total reads processed:                   6,034
Reads with adapters:                         2 (0.0%)
Reads written (passing filters):         6,034 (100.0%)

Total basepairs processed:     2,013,493 bp
Total written (filtered):      2,013,486 bp (100.0%)

=== Adapter 1 ===

Sequence: AGAGTTTGATCCTGGCTCAG; Type: regular 5'; Length: 20; Trimmed: 0 times

=== Adapter 2 ===

Sequence: GCTGCCTCCCGTAGGAGT; Type: regular 3'; Length: 18; Trimmed: 2 times

No. of allowed errors:
0-9 bp: 0; 10-18 bp: 1

Bases preceding removed adapters:
  A: 0.0%
  C: 0.0%
  G: 0.0%
  T: 100.0%
  none/other: 0.0%

Overview of removed sequences
length	count	expect	max.err	error counts
3	1	94.3	0	1
4	1	23.6	0	1
This is cutadapt 2.10 with Python 3.8.6
Command line parameters: -g AGAGTTTGATCCTGGCTCAG -a GCTGCCTCCCGTAGGAGT -o ../Trimmed_Sequence_Data/SRR2016357_trimmed.fastq.gz ../Raw_Data/SRR2016357_raw.fastq.gz
Processing reads on 1 core in single-end mode ...
Finished in 0.87 s (94 us/read; 0.64 M reads/minute).

=== Summary ===

Total reads processed:                   9,252
Reads with adapters:                        10 (0.1%)
Reads written (passing filters):         9,252 (100.0%)

Total basepairs processed:     3,105,608 bp
Total written (filtered):      3,105,578 bp (100.0%)

=== Adapter 1 ===

Sequence: AGAGTTTGATCCTGGCTCAG; Type: regular 5'; Length: 20; Trimmed: 0 times

=== Adapter 2 ===

Sequence: GCTGCCTCCCGTAGGAGT; Type: regular 3'; Length: 18; Trimmed: 10 times

No. of allowed errors:
0-9 bp: 0; 10-18 bp: 1

Bases preceding removed adapters:
  A: 20.0%
  C: 0.0%
  G: 10.0%
  T: 70.0%
  none/other: 0.0%

Overview of removed sequences
length	count	expect	max.err	error counts
3	10	144.6	0	10
This is cutadapt 2.10 with Python 3.8.6
Command line parameters: -g AGAGTTTGATCCTGGCTCAG -a GCTGCCTCCCGTAGGAGT -o ../Trimmed_Sequence_Data/SRR2016358_trimmed.fastq.gz ../Raw_Data/SRR2016358_raw.fastq.gz
Processing reads on 1 core in single-end mode ...
Finished in 0.75 s (134 us/read; 0.45 M reads/minute).

=== Summary ===

Total reads processed:                   5,570
Reads with adapters:                         0 (0.0%)
Reads written (passing filters):         5,570 (100.0%)

Total basepairs processed:     1,860,577 bp
Total written (filtered):      1,860,577 bp (100.0%)

=== Adapter 1 ===

Sequence: AGAGTTTGATCCTGGCTCAG; Type: regular 5'; Length: 20; Trimmed: 0 times

=== Adapter 2 ===

Sequence: GCTGCCTCCCGTAGGAGT; Type: regular 3'; Length: 18; Trimmed: 0 times
This is cutadapt 2.10 with Python 3.8.6
Command line parameters: -g AGAGTTTGATCCTGGCTCAG -a GCTGCCTCCCGTAGGAGT -o ../Trimmed_Sequence_Data/SRR2016359_trimmed.fastq.gz ../Raw_Data/SRR2016359_raw.fastq.gz
Processing reads on 1 core in single-end mode ...
Finished in 0.81 s (142 us/read; 0.42 M reads/minute).

=== Summary ===

Total reads processed:                   5,743
Reads with adapters:                         1 (0.0%)
Reads written (passing filters):         5,743 (100.0%)

Total basepairs processed:     1,915,589 bp
Total written (filtered):      1,915,586 bp (100.0%)

=== Adapter 1 ===

Sequence: AGAGTTTGATCCTGGCTCAG; Type: regular 5'; Length: 20; Trimmed: 0 times

=== Adapter 2 ===

Sequence: GCTGCCTCCCGTAGGAGT; Type: regular 3'; Length: 18; Trimmed: 1 times

No. of allowed errors:
0-9 bp: 0; 10-18 bp: 1

Bases preceding removed adapters:
  A: 100.0%
  C: 0.0%
  G: 0.0%
  T: 0.0%
  none/other: 0.0%

Overview of removed sequences
length	count	expect	max.err	error counts
3	1	89.7	0	1
This is cutadapt 2.10 with Python 3.8.6
Command line parameters: -g AGAGTTTGATCCTGGCTCAG -a GCTGCCTCCCGTAGGAGT -o ../Trimmed_Sequence_Data/SRR2016360_trimmed.fastq.gz ../Raw_Data/SRR2016360_raw.fastq.gz
Processing reads on 1 core in single-end mode ...
Finished in 0.80 s (127 us/read; 0.47 M reads/minute).

=== Summary ===

Total reads processed:                   6,298
Reads with adapters:                         0 (0.0%)
Reads written (passing filters):         6,298 (100.0%)

Total basepairs processed:     2,105,072 bp
Total written (filtered):      2,105,072 bp (100.0%)

=== Adapter 1 ===

Sequence: AGAGTTTGATCCTGGCTCAG; Type: regular 5'; Length: 20; Trimmed: 0 times

=== Adapter 2 ===

Sequence: GCTGCCTCCCGTAGGAGT; Type: regular 3'; Length: 18; Trimmed: 0 times
This is cutadapt 2.10 with Python 3.8.6
Command line parameters: -g AGAGTTTGATCCTGGCTCAG -a GCTGCCTCCCGTAGGAGT -o ../Trimmed_Sequence_Data/SRR2016361_trimmed.fastq.gz ../Raw_Data/SRR2016361_raw.fastq.gz
Processing reads on 1 core in single-end mode ...
Finished in 1.01 s (133 us/read; 0.45 M reads/minute).

=== Summary ===

Total reads processed:                   7,593
Reads with adapters:                         1 (0.0%)
Reads written (passing filters):         7,593 (100.0%)

Total basepairs processed:     2,514,605 bp
Total written (filtered):      2,514,602 bp (100.0%)

=== Adapter 1 ===

Sequence: AGAGTTTGATCCTGGCTCAG; Type: regular 5'; Length: 20; Trimmed: 0 times

=== Adapter 2 ===

Sequence: GCTGCCTCCCGTAGGAGT; Type: regular 3'; Length: 18; Trimmed: 1 times

No. of allowed errors:
0-9 bp: 0; 10-18 bp: 1

Bases preceding removed adapters:
  A: 100.0%
  C: 0.0%
  G: 0.0%
  T: 0.0%
  none/other: 0.0%

Overview of removed sequences
length	count	expect	max.err	error counts
3	1	118.6	0	1
This is cutadapt 2.10 with Python 3.8.6
Command line parameters: -g AGAGTTTGATCCTGGCTCAG -a GCTGCCTCCCGTAGGAGT -o ../Trimmed_Sequence_Data/SRR2016362_trimmed.fastq.gz ../Raw_Data/SRR2016362_raw.fastq.gz
Processing reads on 1 core in single-end mode ...
Finished in 0.85 s (168 us/read; 0.36 M reads/minute).

=== Summary ===

Total reads processed:                   5,076
Reads with adapters:                         0 (0.0%)
Reads written (passing filters):         5,076 (100.0%)

Total basepairs processed:     1,722,321 bp
Total written (filtered):      1,722,321 bp (100.0%)

=== Adapter 1 ===

Sequence: AGAGTTTGATCCTGGCTCAG; Type: regular 5'; Length: 20; Trimmed: 0 times

=== Adapter 2 ===

Sequence: GCTGCCTCCCGTAGGAGT; Type: regular 3'; Length: 18; Trimmed: 0 times
This is cutadapt 2.10 with Python 3.8.6
Command line parameters: -g AGAGTTTGATCCTGGCTCAG -a GCTGCCTCCCGTAGGAGT -o ../Trimmed_Sequence_Data/SRR2016363_trimmed.fastq.gz ../Raw_Data/SRR2016363_raw.fastq.gz
Processing reads on 1 core in single-end mode ...
Finished in 1.15 s (158 us/read; 0.38 M reads/minute).

=== Summary ===

Total reads processed:                   7,285
Reads with adapters:                         0 (0.0%)
Reads written (passing filters):         7,285 (100.0%)

Total basepairs processed:     2,445,530 bp
Total written (filtered):      2,445,530 bp (100.0%)

=== Adapter 1 ===

Sequence: AGAGTTTGATCCTGGCTCAG; Type: regular 5'; Length: 20; Trimmed: 0 times

=== Adapter 2 ===

Sequence: GCTGCCTCCCGTAGGAGT; Type: regular 3'; Length: 18; Trimmed: 0 times
This is cutadapt 2.10 with Python 3.8.6
Command line parameters: -g AGAGTTTGATCCTGGCTCAG -a GCTGCCTCCCGTAGGAGT -o ../Trimmed_Sequence_Data/SRR2016364_trimmed.fastq.gz ../Raw_Data/SRR2016364_raw.fastq.gz
Processing reads on 1 core in single-end mode ...
Finished in 0.69 s (106 us/read; 0.57 M reads/minute).

=== Summary ===

Total reads processed:                   6,496
Reads with adapters:                         0 (0.0%)
Reads written (passing filters):         6,496 (100.0%)

Total basepairs processed:     2,179,423 bp
Total written (filtered):      2,179,423 bp (100.0%)

=== Adapter 1 ===

Sequence: AGAGTTTGATCCTGGCTCAG; Type: regular 5'; Length: 20; Trimmed: 0 times

=== Adapter 2 ===

Sequence: GCTGCCTCCCGTAGGAGT; Type: regular 3'; Length: 18; Trimmed: 0 times
This is cutadapt 2.10 with Python 3.8.6
Command line parameters: -g AGAGTTTGATCCTGGCTCAG -a GCTGCCTCCCGTAGGAGT -o ../Trimmed_Sequence_Data/SRR2016365_trimmed.fastq.gz ../Raw_Data/SRR2016365_raw.fastq.gz
Processing reads on 1 core in single-end mode ...
Finished in 1.19 s (167 us/read; 0.36 M reads/minute).

=== Summary ===

Total reads processed:                   7,143
Reads with adapters:                         3 (0.0%)
Reads written (passing filters):         7,143 (100.0%)

Total basepairs processed:     2,415,135 bp
Total written (filtered):      2,415,126 bp (100.0%)

=== Adapter 1 ===

Sequence: AGAGTTTGATCCTGGCTCAG; Type: regular 5'; Length: 20; Trimmed: 0 times

=== Adapter 2 ===

Sequence: GCTGCCTCCCGTAGGAGT; Type: regular 3'; Length: 18; Trimmed: 3 times

No. of allowed errors:
0-9 bp: 0; 10-18 bp: 1

Bases preceding removed adapters:
  A: 0.0%
  C: 66.7%
  G: 0.0%
  T: 33.3%
  none/other: 0.0%

Overview of removed sequences
length	count	expect	max.err	error counts
3	3	111.6	0	3
This is cutadapt 2.10 with Python 3.8.6
Command line parameters: -g AGAGTTTGATCCTGGCTCAG -a GCTGCCTCCCGTAGGAGT -o ../Trimmed_Sequence_Data/SRR2016366_trimmed.fastq.gz ../Raw_Data/SRR2016366_raw.fastq.gz
Processing reads on 1 core in single-end mode ...
Finished in 0.41 s (128 us/read; 0.47 M reads/minute).

=== Summary ===

Total reads processed:                   3,182
Reads with adapters:                         0 (0.0%)
Reads written (passing filters):         3,182 (100.0%)

Total basepairs processed:     1,075,181 bp
Total written (filtered):      1,075,181 bp (100.0%)

=== Adapter 1 ===

Sequence: AGAGTTTGATCCTGGCTCAG; Type: regular 5'; Length: 20; Trimmed: 0 times

=== Adapter 2 ===

Sequence: GCTGCCTCCCGTAGGAGT; Type: regular 3'; Length: 18; Trimmed: 0 times
This is cutadapt 2.10 with Python 3.8.6
Command line parameters: -g AGAGTTTGATCCTGGCTCAG -a GCTGCCTCCCGTAGGAGT -o ../Trimmed_Sequence_Data/SRR2016367_trimmed.fastq.gz ../Raw_Data/SRR2016367_raw.fastq.gz
Processing reads on 1 core in single-end mode ...
Finished in 0.59 s (108 us/read; 0.56 M reads/minute).

=== Summary ===

Total reads processed:                   5,467
Reads with adapters:                         1 (0.0%)
Reads written (passing filters):         5,467 (100.0%)

Total basepairs processed:     1,842,571 bp
Total written (filtered):      1,842,568 bp (100.0%)

=== Adapter 1 ===

Sequence: AGAGTTTGATCCTGGCTCAG; Type: regular 5'; Length: 20; Trimmed: 0 times

=== Adapter 2 ===

Sequence: GCTGCCTCCCGTAGGAGT; Type: regular 3'; Length: 18; Trimmed: 1 times

No. of allowed errors:
0-9 bp: 0; 10-18 bp: 1

Bases preceding removed adapters:
  A: 0.0%
  C: 100.0%
  G: 0.0%
  T: 0.0%
  none/other: 0.0%

Overview of removed sequences
length	count	expect	max.err	error counts
3	1	85.4	0	1
This is cutadapt 2.10 with Python 3.8.6
Command line parameters: -g AGAGTTTGATCCTGGCTCAG -a GCTGCCTCCCGTAGGAGT -o ../Trimmed_Sequence_Data/SRR2016368_trimmed.fastq.gz ../Raw_Data/SRR2016368_raw.fastq.gz
Processing reads on 1 core in single-end mode ...
Finished in 0.86 s (92 us/read; 0.65 M reads/minute).

=== Summary ===

Total reads processed:                   9,365
Reads with adapters:                         1 (0.0%)
Reads written (passing filters):         9,365 (100.0%)

Total basepairs processed:     3,109,096 bp
Total written (filtered):      3,109,093 bp (100.0%)

=== Adapter 1 ===

Sequence: AGAGTTTGATCCTGGCTCAG; Type: regular 5'; Length: 20; Trimmed: 0 times

=== Adapter 2 ===

Sequence: GCTGCCTCCCGTAGGAGT; Type: regular 3'; Length: 18; Trimmed: 1 times

No. of allowed errors:
0-9 bp: 0; 10-18 bp: 1

Bases preceding removed adapters:
  A: 0.0%
  C: 100.0%
  G: 0.0%
  T: 0.0%
  none/other: 0.0%

Overview of removed sequences
length	count	expect	max.err	error counts
3	1	146.3	0	1
This is cutadapt 2.10 with Python 3.8.6
Command line parameters: -g AGAGTTTGATCCTGGCTCAG -a GCTGCCTCCCGTAGGAGT -o ../Trimmed_Sequence_Data/SRR2016369_trimmed.fastq.gz ../Raw_Data/SRR2016369_raw.fastq.gz
Processing reads on 1 core in single-end mode ...
Finished in 0.55 s (129 us/read; 0.46 M reads/minute).

=== Summary ===

Total reads processed:                   4,281
Reads with adapters:                         1 (0.0%)
Reads written (passing filters):         4,281 (100.0%)

Total basepairs processed:     1,433,809 bp
Total written (filtered):      1,433,806 bp (100.0%)

=== Adapter 1 ===

Sequence: AGAGTTTGATCCTGGCTCAG; Type: regular 5'; Length: 20; Trimmed: 0 times

=== Adapter 2 ===

Sequence: GCTGCCTCCCGTAGGAGT; Type: regular 3'; Length: 18; Trimmed: 1 times

No. of allowed errors:
0-9 bp: 0; 10-18 bp: 1

Bases preceding removed adapters:
  A: 0.0%
  C: 0.0%
  G: 100.0%
  T: 0.0%
  none/other: 0.0%

Overview of removed sequences
length	count	expect	max.err	error counts
3	1	66.9	0	1
This is cutadapt 2.10 with Python 3.8.6
Command line parameters: -g AGAGTTTGATCCTGGCTCAG -a GCTGCCTCCCGTAGGAGT -o ../Trimmed_Sequence_Data/SRR2016370_trimmed.fastq.gz ../Raw_Data/SRR2016370_raw.fastq.gz
Processing reads on 1 core in single-end mode ...
Finished in 0.70 s (197 us/read; 0.30 M reads/minute).

=== Summary ===

Total reads processed:                   3,537
Reads with adapters:                         4 (0.1%)
Reads written (passing filters):         3,537 (100.0%)

Total basepairs processed:     1,196,565 bp
Total written (filtered):      1,196,553 bp (100.0%)

=== Adapter 1 ===

Sequence: AGAGTTTGATCCTGGCTCAG; Type: regular 5'; Length: 20; Trimmed: 0 times

=== Adapter 2 ===

Sequence: GCTGCCTCCCGTAGGAGT; Type: regular 3'; Length: 18; Trimmed: 4 times

No. of allowed errors:
0-9 bp: 0; 10-18 bp: 1

Bases preceding removed adapters:
  A: 0.0%
  C: 0.0%
  G: 50.0%
  T: 50.0%
  none/other: 0.0%

Overview of removed sequences
length	count	expect	max.err	error counts
3	4	55.3	0	4
This is cutadapt 2.10 with Python 3.8.6
Command line parameters: -g AGAGTTTGATCCTGGCTCAG -a GCTGCCTCCCGTAGGAGT -o ../Trimmed_Sequence_Data/SRR2016371_trimmed.fastq.gz ../Raw_Data/SRR2016371_raw.fastq.gz
Processing reads on 1 core in single-end mode ...
Finished in 0.95 s (131 us/read; 0.46 M reads/minute).

=== Summary ===

Total reads processed:                   7,240
Reads with adapters:                        17 (0.2%)
Reads written (passing filters):         7,240 (100.0%)

Total basepairs processed:     2,451,228 bp
Total written (filtered):      2,451,177 bp (100.0%)

=== Adapter 1 ===

Sequence: AGAGTTTGATCCTGGCTCAG; Type: regular 5'; Length: 20; Trimmed: 0 times

=== Adapter 2 ===

Sequence: GCTGCCTCCCGTAGGAGT; Type: regular 3'; Length: 18; Trimmed: 17 times

No. of allowed errors:
0-9 bp: 0; 10-18 bp: 1

Bases preceding removed adapters:
  A: 87.5%
  C: 0.0%
  G: 6.2%
  T: 0.0%
  none/other: 6.2%

Overview of removed sequences
length	count	expect	max.err	error counts
3	17	113.1	0	17
This is cutadapt 2.10 with Python 3.8.6
Command line parameters: -g AGAGTTTGATCCTGGCTCAG -a GCTGCCTCCCGTAGGAGT -o ../Trimmed_Sequence_Data/SRR2016372_trimmed.fastq.gz ../Raw_Data/SRR2016372_raw.fastq.gz
Processing reads on 1 core in single-end mode ...
Finished in 0.57 s (127 us/read; 0.47 M reads/minute).

=== Summary ===

Total reads processed:                   4,491
Reads with adapters:                        21 (0.5%)
Reads written (passing filters):         4,491 (100.0%)

Total basepairs processed:     1,537,734 bp
Total written (filtered):      1,537,671 bp (100.0%)

=== Adapter 1 ===

Sequence: AGAGTTTGATCCTGGCTCAG; Type: regular 5'; Length: 20; Trimmed: 0 times

=== Adapter 2 ===

Sequence: GCTGCCTCCCGTAGGAGT; Type: regular 3'; Length: 18; Trimmed: 21 times

No. of allowed errors:
0-9 bp: 0; 10-18 bp: 1

Bases preceding removed adapters:
  A: 0.0%
  C: 95.2%
  G: 0.0%
  T: 4.8%
  none/other: 0.0%
WARNING:
    The adapter is preceded by "C" extremely often.
    The provided adapter sequence could be incomplete at its 3' end.

Overview of removed sequences
length	count	expect	max.err	error counts
3	21	70.2	0	21


WARNING:
    One or more of your adapter sequences may be incomplete.
    Please see the detailed output above.
This is cutadapt 2.10 with Python 3.8.6
Command line parameters: -g AGAGTTTGATCCTGGCTCAG -a GCTGCCTCCCGTAGGAGT -o ../Trimmed_Sequence_Data/SRR2016373_trimmed.fastq.gz ../Raw_Data/SRR2016373_raw.fastq.gz
Processing reads on 1 core in single-end mode ...
Finished in 0.64 s (129 us/read; 0.46 M reads/minute).

=== Summary ===

Total reads processed:                   4,980
Reads with adapters:                     4,355 (87.4%)
Reads written (passing filters):         4,980 (100.0%)

Total basepairs processed:     1,690,994 bp
Total written (filtered):      1,677,929 bp (99.2%)

=== Adapter 1 ===

Sequence: AGAGTTTGATCCTGGCTCAG; Type: regular 5'; Length: 20; Trimmed: 0 times

=== Adapter 2 ===

Sequence: GCTGCCTCCCGTAGGAGT; Type: regular 3'; Length: 18; Trimmed: 4355 times

No. of allowed errors:
0-9 bp: 0; 10-18 bp: 1

Bases preceding removed adapters:
  A: 0.1%
  C: 0.4%
  G: 0.9%
  T: 98.6%
  none/other: 0.0%
WARNING:
    The adapter is preceded by "T" extremely often.
    The provided adapter sequence could be incomplete at its 3' end.

Overview of removed sequences
length	count	expect	max.err	error counts
3	4355	77.8	0	4355


WARNING:
    One or more of your adapter sequences may be incomplete.
    Please see the detailed output above.
This is cutadapt 2.10 with Python 3.8.6
Command line parameters: -g AGAGTTTGATCCTGGCTCAG -a GCTGCCTCCCGTAGGAGT -o ../Trimmed_Sequence_Data/SRR2016374_trimmed.fastq.gz ../Raw_Data/SRR2016374_raw.fastq.gz
Processing reads on 1 core in single-end mode ...
Finished in 0.79 s (138 us/read; 0.43 M reads/minute).

=== Summary ===

Total reads processed:                   5,705
Reads with adapters:                         1 (0.0%)
Reads written (passing filters):         5,705 (100.0%)

Total basepairs processed:     1,960,872 bp
Total written (filtered):      1,960,869 bp (100.0%)

=== Adapter 1 ===

Sequence: AGAGTTTGATCCTGGCTCAG; Type: regular 5'; Length: 20; Trimmed: 0 times

=== Adapter 2 ===

Sequence: GCTGCCTCCCGTAGGAGT; Type: regular 3'; Length: 18; Trimmed: 1 times

No. of allowed errors:
0-9 bp: 0; 10-18 bp: 1

Bases preceding removed adapters:
  A: 0.0%
  C: 0.0%
  G: 0.0%
  T: 100.0%
  none/other: 0.0%

Overview of removed sequences
length	count	expect	max.err	error counts
3	1	89.1	0	1
This is cutadapt 2.10 with Python 3.8.6
Command line parameters: -g AGAGTTTGATCCTGGCTCAG -a GCTGCCTCCCGTAGGAGT -o ../Trimmed_Sequence_Data/SRR2016375_trimmed.fastq.gz ../Raw_Data/SRR2016375_raw.fastq.gz
Processing reads on 1 core in single-end mode ...
Finished in 0.06 s (614 us/read; 0.10 M reads/minute).

=== Summary ===

Total reads processed:                      94
Reads with adapters:                         0 (0.0%)
Reads written (passing filters):            94 (100.0%)

Total basepairs processed:        32,073 bp
Total written (filtered):         32,073 bp (100.0%)

=== Adapter 1 ===

Sequence: AGAGTTTGATCCTGGCTCAG; Type: regular 5'; Length: 20; Trimmed: 0 times

=== Adapter 2 ===

Sequence: GCTGCCTCCCGTAGGAGT; Type: regular 3'; Length: 18; Trimmed: 0 times
This is cutadapt 2.10 with Python 3.8.6
Command line parameters: -g AGAGTTTGATCCTGGCTCAG -a GCTGCCTCCCGTAGGAGT -o ../Trimmed_Sequence_Data/SRR2016376_trimmed.fastq.gz ../Raw_Data/SRR2016376_raw.fastq.gz
Processing reads on 1 core in single-end mode ...
Finished in 0.92 s (145 us/read; 0.41 M reads/minute).

=== Summary ===

Total reads processed:                   6,334
Reads with adapters:                         0 (0.0%)
Reads written (passing filters):         6,334 (100.0%)

Total basepairs processed:     2,158,263 bp
Total written (filtered):      2,158,263 bp (100.0%)

=== Adapter 1 ===

Sequence: AGAGTTTGATCCTGGCTCAG; Type: regular 5'; Length: 20; Trimmed: 0 times

=== Adapter 2 ===

Sequence: GCTGCCTCCCGTAGGAGT; Type: regular 3'; Length: 18; Trimmed: 0 times
This is cutadapt 2.10 with Python 3.8.6
Command line parameters: -g AGAGTTTGATCCTGGCTCAG -a GCTGCCTCCCGTAGGAGT -o ../Trimmed_Sequence_Data/SRR2016377_trimmed.fastq.gz ../Raw_Data/SRR2016377_raw.fastq.gz
Processing reads on 1 core in single-end mode ...
Finished in 0.84 s (147 us/read; 0.41 M reads/minute).

=== Summary ===

Total reads processed:                   5,709
Reads with adapters:                         1 (0.0%)
Reads written (passing filters):         5,709 (100.0%)

Total basepairs processed:     1,960,426 bp
Total written (filtered):      1,960,423 bp (100.0%)

=== Adapter 1 ===

Sequence: AGAGTTTGATCCTGGCTCAG; Type: regular 5'; Length: 20; Trimmed: 0 times

=== Adapter 2 ===

Sequence: GCTGCCTCCCGTAGGAGT; Type: regular 3'; Length: 18; Trimmed: 1 times

No. of allowed errors:
0-9 bp: 0; 10-18 bp: 1

Bases preceding removed adapters:
  A: 100.0%
  C: 0.0%
  G: 0.0%
  T: 0.0%
  none/other: 0.0%

Overview of removed sequences
length	count	expect	max.err	error counts
3	1	89.2	0	1
This is cutadapt 2.10 with Python 3.8.6
Command line parameters: -g AGAGTTTGATCCTGGCTCAG -a GCTGCCTCCCGTAGGAGT -o ../Trimmed_Sequence_Data/SRR2016378_trimmed.fastq.gz ../Raw_Data/SRR2016378_raw.fastq.gz
Processing reads on 1 core in single-end mode ...
Finished in 0.40 s (182 us/read; 0.33 M reads/minute).

=== Summary ===

Total reads processed:                   2,184
Reads with adapters:                         0 (0.0%)
Reads written (passing filters):         2,184 (100.0%)

Total basepairs processed:       744,607 bp
Total written (filtered):        744,607 bp (100.0%)

=== Adapter 1 ===

Sequence: AGAGTTTGATCCTGGCTCAG; Type: regular 5'; Length: 20; Trimmed: 0 times

=== Adapter 2 ===

Sequence: GCTGCCTCCCGTAGGAGT; Type: regular 3'; Length: 18; Trimmed: 0 times
This is cutadapt 2.10 with Python 3.8.6
Command line parameters: -g AGAGTTTGATCCTGGCTCAG -a GCTGCCTCCCGTAGGAGT -o ../Trimmed_Sequence_Data/SRR2016379_trimmed.fastq.gz ../Raw_Data/SRR2016379_raw.fastq.gz
Processing reads on 1 core in single-end mode ...
Finished in 0.42 s (163 us/read; 0.37 M reads/minute).

=== Summary ===

Total reads processed:                   2,566
Reads with adapters:                         0 (0.0%)
Reads written (passing filters):         2,566 (100.0%)

Total basepairs processed:       877,130 bp
Total written (filtered):        877,130 bp (100.0%)

=== Adapter 1 ===

Sequence: AGAGTTTGATCCTGGCTCAG; Type: regular 5'; Length: 20; Trimmed: 0 times

=== Adapter 2 ===

Sequence: GCTGCCTCCCGTAGGAGT; Type: regular 3'; Length: 18; Trimmed: 0 times
This is cutadapt 2.10 with Python 3.8.6
Command line parameters: -g AGAGTTTGATCCTGGCTCAG -a GCTGCCTCCCGTAGGAGT -o ../Trimmed_Sequence_Data/SRR2016380_trimmed.fastq.gz ../Raw_Data/SRR2016380_raw.fastq.gz
Processing reads on 1 core in single-end mode ...
Finished in 0.62 s (128 us/read; 0.47 M reads/minute).

=== Summary ===

Total reads processed:                   4,822
Reads with adapters:                         1 (0.0%)
Reads written (passing filters):         4,822 (100.0%)

Total basepairs processed:     1,633,330 bp
Total written (filtered):      1,633,327 bp (100.0%)

=== Adapter 1 ===

Sequence: AGAGTTTGATCCTGGCTCAG; Type: regular 5'; Length: 20; Trimmed: 0 times

=== Adapter 2 ===

Sequence: GCTGCCTCCCGTAGGAGT; Type: regular 3'; Length: 18; Trimmed: 1 times

No. of allowed errors:
0-9 bp: 0; 10-18 bp: 1

Bases preceding removed adapters:
  A: 0.0%
  C: 0.0%
  G: 0.0%
  T: 100.0%
  none/other: 0.0%

Overview of removed sequences
length	count	expect	max.err	error counts
3	1	75.3	0	1
This is cutadapt 2.10 with Python 3.8.6
Command line parameters: -g AGAGTTTGATCCTGGCTCAG -a GCTGCCTCCCGTAGGAGT -o ../Trimmed_Sequence_Data/SRR2016381_trimmed.fastq.gz ../Raw_Data/SRR2016381_raw.fastq.gz
Processing reads on 1 core in single-end mode ...
Finished in 0.35 s (120 us/read; 0.50 M reads/minute).

=== Summary ===

Total reads processed:                   2,914
Reads with adapters:                         1 (0.0%)
Reads written (passing filters):         2,914 (100.0%)

Total basepairs processed:       989,687 bp
Total written (filtered):        989,684 bp (100.0%)

=== Adapter 1 ===

Sequence: AGAGTTTGATCCTGGCTCAG; Type: regular 5'; Length: 20; Trimmed: 0 times

=== Adapter 2 ===

Sequence: GCTGCCTCCCGTAGGAGT; Type: regular 3'; Length: 18; Trimmed: 1 times

No. of allowed errors:
0-9 bp: 0; 10-18 bp: 1

Bases preceding removed adapters:
  A: 0.0%
  C: 100.0%
  G: 0.0%
  T: 0.0%
  none/other: 0.0%

Overview of removed sequences
length	count	expect	max.err	error counts
3	1	45.5	0	1
This is cutadapt 2.10 with Python 3.8.6
Command line parameters: -g AGAGTTTGATCCTGGCTCAG -a GCTGCCTCCCGTAGGAGT -o ../Trimmed_Sequence_Data/SRR2016382_trimmed.fastq.gz ../Raw_Data/SRR2016382_raw.fastq.gz
Processing reads on 1 core in single-end mode ...
Finished in 0.46 s (109 us/read; 0.55 M reads/minute).

=== Summary ===

Total reads processed:                   4,210
Reads with adapters:                         0 (0.0%)
Reads written (passing filters):         4,210 (100.0%)

Total basepairs processed:     1,430,740 bp
Total written (filtered):      1,430,740 bp (100.0%)

=== Adapter 1 ===

Sequence: AGAGTTTGATCCTGGCTCAG; Type: regular 5'; Length: 20; Trimmed: 0 times

=== Adapter 2 ===

Sequence: GCTGCCTCCCGTAGGAGT; Type: regular 3'; Length: 18; Trimmed: 0 times
This is cutadapt 2.10 with Python 3.8.6
Command line parameters: -g AGAGTTTGATCCTGGCTCAG -a GCTGCCTCCCGTAGGAGT -o ../Trimmed_Sequence_Data/SRR2016383_trimmed.fastq.gz ../Raw_Data/SRR2016383_raw.fastq.gz
Processing reads on 1 core in single-end mode ...
Finished in 0.57 s (139 us/read; 0.43 M reads/minute).

=== Summary ===

Total reads processed:                   4,116
Reads with adapters:                         0 (0.0%)
Reads written (passing filters):         4,116 (100.0%)

Total basepairs processed:     1,413,475 bp
Total written (filtered):      1,413,475 bp (100.0%)

=== Adapter 1 ===

Sequence: AGAGTTTGATCCTGGCTCAG; Type: regular 5'; Length: 20; Trimmed: 0 times

=== Adapter 2 ===

Sequence: GCTGCCTCCCGTAGGAGT; Type: regular 3'; Length: 18; Trimmed: 0 times
This is cutadapt 2.10 with Python 3.8.6
Command line parameters: -g AGAGTTTGATCCTGGCTCAG -a GCTGCCTCCCGTAGGAGT -o ../Trimmed_Sequence_Data/SRR2016384_trimmed.fastq.gz ../Raw_Data/SRR2016384_raw.fastq.gz
Processing reads on 1 core in single-end mode ...
Finished in 0.05 s (707 us/read; 0.08 M reads/minute).

=== Summary ===

Total reads processed:                      65
Reads with adapters:                         0 (0.0%)
Reads written (passing filters):            65 (100.0%)

Total basepairs processed:         5,102 bp
Total written (filtered):          5,102 bp (100.0%)

=== Adapter 1 ===

Sequence: AGAGTTTGATCCTGGCTCAG; Type: regular 5'; Length: 20; Trimmed: 0 times

=== Adapter 2 ===

Sequence: GCTGCCTCCCGTAGGAGT; Type: regular 3'; Length: 18; Trimmed: 0 times
This is cutadapt 2.10 with Python 3.8.6
Command line parameters: -g AGAGTTTGATCCTGGCTCAG -a GCTGCCTCCCGTAGGAGT -o ../Trimmed_Sequence_Data/SRR2016385_trimmed.fastq.gz ../Raw_Data/SRR2016385_raw.fastq.gz
Processing reads on 1 core in single-end mode ...
Finished in 0.95 s (99 us/read; 0.61 M reads/minute).

=== Summary ===

Total reads processed:                   9,666
Reads with adapters:                        64 (0.7%)
Reads written (passing filters):         9,666 (100.0%)

Total basepairs processed:     1,278,185 bp
Total written (filtered):      1,277,993 bp (100.0%)

=== Adapter 1 ===

Sequence: AGAGTTTGATCCTGGCTCAG; Type: regular 5'; Length: 20; Trimmed: 0 times

=== Adapter 2 ===

Sequence: GCTGCCTCCCGTAGGAGT; Type: regular 3'; Length: 18; Trimmed: 64 times

No. of allowed errors:
0-9 bp: 0; 10-18 bp: 1

Bases preceding removed adapters:
  A: 3.1%
  C: 82.8%
  G: 7.8%
  T: 6.2%
  none/other: 0.0%
WARNING:
    The adapter is preceded by "C" extremely often.
    The provided adapter sequence could be incomplete at its 3' end.

Overview of removed sequences
length	count	expect	max.err	error counts
3	64	151.0	0	64


WARNING:
    One or more of your adapter sequences may be incomplete.
    Please see the detailed output above.
This is cutadapt 2.10 with Python 3.8.6
Command line parameters: -g AGAGTTTGATCCTGGCTCAG -a GCTGCCTCCCGTAGGAGT -o ../Trimmed_Sequence_Data/SRR2016386_trimmed.fastq.gz ../Raw_Data/SRR2016386_raw.fastq.gz
Processing reads on 1 core in single-end mode ...
Finished in 0.06 s (187 us/read; 0.32 M reads/minute).

=== Summary ===

Total reads processed:                     336
Reads with adapters:                         2 (0.6%)
Reads written (passing filters):           336 (100.0%)

Total basepairs processed:        18,742 bp
Total written (filtered):         18,735 bp (100.0%)

=== Adapter 1 ===

Sequence: AGAGTTTGATCCTGGCTCAG; Type: regular 5'; Length: 20; Trimmed: 0 times

=== Adapter 2 ===

Sequence: GCTGCCTCCCGTAGGAGT; Type: regular 3'; Length: 18; Trimmed: 2 times

No. of allowed errors:
0-9 bp: 0; 10-18 bp: 1

Bases preceding removed adapters:
  A: 0.0%
  C: 100.0%
  G: 0.0%
  T: 0.0%
  none/other: 0.0%

Overview of removed sequences
length	count	expect	max.err	error counts
3	1	5.2	0	1
4	1	1.3	0	1
This is cutadapt 2.10 with Python 3.8.6
Command line parameters: -g AGAGTTTGATCCTGGCTCAG -a GCTGCCTCCCGTAGGAGT -o ../Trimmed_Sequence_Data/SRR2016387_trimmed.fastq.gz ../Raw_Data/SRR2016387_raw.fastq.gz
Processing reads on 1 core in single-end mode ...
Finished in 0.07 s (2040 us/read; 0.03 M reads/minute).

=== Summary ===

Total reads processed:                      35
Reads with adapters:                         0 (0.0%)
Reads written (passing filters):            35 (100.0%)

Total basepairs processed:         3,644 bp
Total written (filtered):          3,644 bp (100.0%)

=== Adapter 1 ===

Sequence: AGAGTTTGATCCTGGCTCAG; Type: regular 5'; Length: 20; Trimmed: 0 times

=== Adapter 2 ===

Sequence: GCTGCCTCCCGTAGGAGT; Type: regular 3'; Length: 18; Trimmed: 0 times
