2020-09-15 20:24:59 - MEGAHIT v1.2.9
2020-09-15 20:24:59 - Using megahit_core with POPCNT support
2020-09-15 20:24:59 - Convert reads to binary library
2020-09-15 20:27:26 - b'INFO  sequence/io/sequence_lib.cpp  :   77 - Lib 0 (/data1/Data_Processing/mlee/metagenomics-glds-sandbox/GLDS-286/fresh/Filtered_Reads/GLDS-286_metagenomics_5501_S5_L003_R1_001_HRremoved-trimmed.fastq.gz,/data1/Data_Processing/mlee/metagenomics-glds-sandbox/GLDS-286/fresh/Filtered_Reads/GLDS-286_metagenomics_5501_S5_L003_R1_001_HRremoved-trimmed.fastq.gz): pe, 65270286 reads, 100 max length'
2020-09-15 20:27:26 - b'INFO  utils/utils.h                 :  152 - Real: 147.2565\tuser: 75.3480\tsys: 11.2400\tmaxrss: 274192'
2020-09-15 20:27:26 - k-max reset to: 119 
2020-09-15 20:27:26 - Start assembly. Number of CPU threads 2 
2020-09-15 20:27:26 - k list: 21,29,39,59,79,99,119 
2020-09-15 20:27:26 - Memory used: 500
2020-09-15 20:27:26 - Extract solid (k+1)-mers for k = 21 
2020-09-15 22:20:59 - Build graph for k = 21 
2020-09-15 22:28:58 - Assemble contigs from SdBG for k = 21
2020-09-15 22:46:46 - Local assembly for k = 21
2020-09-15 22:54:13 - Extract iterative edges from k = 21 to 29 
2020-09-15 23:11:01 - Build graph for k = 29 
2020-09-15 23:15:38 - Assemble contigs from SdBG for k = 29
2020-09-15 23:24:33 - Local assembly for k = 29
2020-09-15 23:31:16 - Extract iterative edges from k = 29 to 39 
2020-09-15 23:39:49 - Build graph for k = 39 
2020-09-15 23:43:05 - Assemble contigs from SdBG for k = 39
2020-09-15 23:49:26 - Local assembly for k = 39
2020-09-15 23:57:06 - Extract iterative edges from k = 39 to 59 
2020-09-16 00:01:57 - Build graph for k = 59 
2020-09-16 00:03:29 - Assemble contigs from SdBG for k = 59
2020-09-16 00:06:57 - Local assembly for k = 59
2020-09-16 00:15:20 - Extract iterative edges from k = 59 to 79 
2020-09-16 00:19:00 - Build graph for k = 79 
2020-09-16 00:20:47 - Assemble contigs from SdBG for k = 79
2020-09-16 00:24:09 - Local assembly for k = 79
2020-09-16 00:32:48 - Extract iterative edges from k = 79 to 99 
2020-09-16 00:35:35 - Build graph for k = 99 
2020-09-16 00:36:29 - Assemble contigs from SdBG for k = 99
2020-09-16 00:39:37 - Local assembly for k = 99
2020-09-16 00:45:50 - Extract iterative edges from k = 99 to 119 
2020-09-16 00:45:57 - Build graph for k = 119 
2020-09-16 00:46:40 - Assemble contigs from SdBG for k = 119
2020-09-16 00:48:39 - Merging to output final contigs 
2020-09-16 00:48:39 - 56184 contigs, total 44040224 bp, min 257 bp, max 46880 bp, avg 783 bp, N50 883 bp
2020-09-16 00:48:40 - ALL DONE. Time elapsed: 15820.582395 seconds 
